c:\users\katsu\desktop\최종본\display\display\x64\debug\display.pch
c:\users\katsu\desktop\최종본\display\display\x64\debug\vc120.pdb
c:\users\katsu\desktop\최종본\display\display\x64\debug\vc120.idb
c:\users\katsu\desktop\최종본\display\display\x64\debug\stdafx.obj
c:\users\katsu\desktop\최종본\display\display\x64\debug\automatakr.obj
c:\users\katsu\desktop\최종본\display\display\x64\debug\cvvimage.obj
c:\users\katsu\desktop\최종본\display\display\x64\debug\keyprint.obj
c:\users\katsu\desktop\최종본\display\display\x64\debug\disply.obj
c:\users\katsu\desktop\최종본\display\x64\debug\display.ilk
c:\users\katsu\desktop\최종본\display\x64\debug\display.exe
c:\users\katsu\desktop\최종본\display\x64\debug\display.pdb
c:\users\katsu\desktop\최종본\display\display\x64\debug\penkii-gui.res
c:\users\katsu\desktop\최종본\display\display\x64\debug\display.res
c:\users\katsu\desktop\최종본\display\display\x64\debug\display.tlog\cl.command.1.tlog
c:\users\katsu\desktop\최종본\display\display\x64\debug\display.tlog\cl.read.1.tlog
c:\users\katsu\desktop\최종본\display\display\x64\debug\display.tlog\cl.write.1.tlog
c:\users\katsu\desktop\최종본\display\display\x64\debug\display.tlog\link.command.1.tlog
c:\users\katsu\desktop\최종본\display\display\x64\debug\display.tlog\link.read.1.tlog
c:\users\katsu\desktop\최종본\display\display\x64\debug\display.tlog\link.write.1.tlog
c:\users\katsu\desktop\최종본\display\display\x64\debug\display.tlog\rc.command.1.tlog
c:\users\katsu\desktop\최종본\display\display\x64\debug\display.tlog\rc.read.1.tlog
c:\users\katsu\desktop\최종본\display\display\x64\debug\display.tlog\rc.write.1.tlog
